c:\development\project source\pcsxr\pcsxr\win32\plugins\dfsound\debug\cfg.obj
c:\development\project source\pcsxr\pcsxr\win32\plugins\dfsound\debug\debug.obj
c:\development\project source\pcsxr\pcsxr\win32\plugins\dfsound\debug\dsound.obj
c:\development\project source\pcsxr\pcsxr\win32\plugins\dfsound\debug\psemu.obj
c:\development\project source\pcsxr\pcsxr\win32\plugins\dfsound\debug\record.obj
c:\development\project source\pcsxr\pcsxr\win32\plugins\dfsound\debug\winmain.obj
c:\development\project source\pcsxr\pcsxr\win32\plugins\dfsound\debug\adsr.obj
c:\development\project source\pcsxr\pcsxr\win32\plugins\dfsound\debug\dma.obj
c:\development\project source\pcsxr\pcsxr\win32\plugins\dfsound\debug\externals.obj
c:\development\project source\pcsxr\pcsxr\win32\plugins\dfsound\debug\freeze.obj
c:\development\project source\pcsxr\pcsxr\win32\plugins\dfsound\debug\registers.obj
c:\development\project source\pcsxr\pcsxr\win32\plugins\dfsound\debug\reverb.obj
c:\development\project source\pcsxr\pcsxr\win32\plugins\dfsound\debug\spu.obj
c:\development\project source\pcsxr\pcsxr\win32\plugins\dfsound\debug\xa.obj
c:\development\project source\pcsxr\pcsxr\win32\plugins\dfsound\debug\vc110.pdb
c:\development\project source\pcsxr\pcsxr\win32\plugins\dfsound\debug\dfsound.lib
c:\development\project source\pcsxr\pcsxr\win32\plugins\dfsound\debug\dfsound.exp
c:\development\project source\pcsxr\pcsxr\win32\debug\dfsound.dll
c:\development\project source\pcsxr\pcsxr\win32\plugins\dfsound\debug\dfsound.pdb
c:\development\project source\pcsxr\pcsxr\win32\plugins\dfsound\debug\dfsound.res
c:\development\project source\pcsxr\pcsxr\win32\plugins\dfsound\debug\cl.command.1.tlog
c:\development\project source\pcsxr\pcsxr\win32\plugins\dfsound\debug\cl.read.1.tlog
c:\development\project source\pcsxr\pcsxr\win32\plugins\dfsound\debug\cl.write.1.tlog
c:\development\project source\pcsxr\pcsxr\win32\plugins\dfsound\debug\dfsound.write.1.tlog
c:\development\project source\pcsxr\pcsxr\win32\plugins\dfsound\debug\link-cvtres.read.1.tlog
c:\development\project source\pcsxr\pcsxr\win32\plugins\dfsound\debug\link-cvtres.write.1.tlog
c:\development\project source\pcsxr\pcsxr\win32\plugins\dfsound\debug\link-rc.read.1.tlog
c:\development\project source\pcsxr\pcsxr\win32\plugins\dfsound\debug\link-rc.write.1.tlog
c:\development\project source\pcsxr\pcsxr\win32\plugins\dfsound\debug\link.command.1.tlog
c:\development\project source\pcsxr\pcsxr\win32\plugins\dfsound\debug\link.read.1.tlog
c:\development\project source\pcsxr\pcsxr\win32\plugins\dfsound\debug\link.write.1.tlog
c:\development\project source\pcsxr\pcsxr\win32\plugins\dfsound\debug\rc.command.1.tlog
c:\development\project source\pcsxr\pcsxr\win32\plugins\dfsound\debug\rc.read.1.tlog
c:\development\project source\pcsxr\pcsxr\win32\plugins\dfsound\debug\rc.write.1.tlog
c:\development\project source\pcsxr\pcsxr\win32\plugins\dfsound\debug\vc110.idb
