c:\development\project source\pcsxr\pcsxr\win32\debug\pcsxr.bsc
c:\development\project source\pcsxr\pcsxr\win32\debug\cdriso.sbr
c:\development\project source\pcsxr\pcsxr\win32\debug\cdrom.sbr
c:\development\project source\pcsxr\pcsxr\win32\debug\cheat.sbr
c:\development\project source\pcsxr\pcsxr\win32\debug\debug.sbr
c:\development\project source\pcsxr\pcsxr\win32\debug\decode_xa.sbr
c:\development\project source\pcsxr\pcsxr\win32\debug\disr3000a.sbr
c:\development\project source\pcsxr\pcsxr\win32\debug\gpu.sbr
c:\development\project source\pcsxr\pcsxr\win32\debug\gte.sbr
c:\development\project source\pcsxr\pcsxr\win32\debug\mdec.sbr
c:\development\project source\pcsxr\pcsxr\win32\debug\misc.sbr
c:\development\project source\pcsxr\pcsxr\win32\debug\plugins.sbr
c:\development\project source\pcsxr\pcsxr\win32\debug\ppf.sbr
c:\development\project source\pcsxr\pcsxr\win32\debug\psxbios.sbr
c:\development\project source\pcsxr\pcsxr\win32\debug\psxcommon.sbr
c:\development\project source\pcsxr\pcsxr\win32\debug\psxcounters.sbr
c:\development\project source\pcsxr\pcsxr\win32\debug\psxdma.sbr
c:\development\project source\pcsxr\pcsxr\win32\debug\psxhle.sbr
c:\development\project source\pcsxr\pcsxr\win32\debug\psxhw.sbr
c:\development\project source\pcsxr\pcsxr\win32\debug\psxinterpreter.sbr
c:\development\project source\pcsxr\pcsxr\win32\debug\psxmem.sbr
c:\development\project source\pcsxr\pcsxr\win32\debug\psxmem.obj
c:\development\project source\pcsxr\pcsxr\win32\debug\psxinterpreter.obj
c:\development\project source\pcsxr\pcsxr\win32\debug\psxhw.obj
c:\development\project source\pcsxr\pcsxr\win32\debug\psxhle.obj
c:\development\project source\pcsxr\pcsxr\win32\debug\psxdma.obj
c:\development\project source\pcsxr\pcsxr\win32\debug\psxcounters.obj
c:\development\project source\pcsxr\pcsxr\win32\debug\psxcommon.obj
c:\development\project source\pcsxr\pcsxr\win32\debug\psxbios.obj
c:\development\project source\pcsxr\pcsxr\win32\debug\ppf.obj
c:\development\project source\pcsxr\pcsxr\win32\debug\plugins.obj
c:\development\project source\pcsxr\pcsxr\win32\debug\misc.obj
c:\development\project source\pcsxr\pcsxr\win32\debug\mdec.obj
c:\development\project source\pcsxr\pcsxr\win32\debug\gte.obj
c:\development\project source\pcsxr\pcsxr\win32\debug\gpu.obj
c:\development\project source\pcsxr\pcsxr\win32\debug\disr3000a.obj
c:\development\project source\pcsxr\pcsxr\win32\debug\decode_xa.obj
c:\development\project source\pcsxr\pcsxr\win32\debug\debug.obj
c:\development\project source\pcsxr\pcsxr\win32\debug\cheat.obj
c:\development\project source\pcsxr\pcsxr\win32\debug\cdrom.obj
c:\development\project source\pcsxr\pcsxr\win32\debug\cdriso.obj
c:\development\project source\pcsxr\pcsxr\win32\debug\r3000a.sbr
c:\development\project source\pcsxr\pcsxr\win32\debug\sio.sbr
c:\development\project source\pcsxr\pcsxr\win32\debug\socket.sbr
c:\development\project source\pcsxr\pcsxr\win32\debug\spu.sbr
c:\development\project source\pcsxr\pcsxr\win32\debug\ir3000a.sbr
c:\development\project source\pcsxr\pcsxr\win32\debug\ix86.sbr
c:\development\project source\pcsxr\pcsxr\win32\debug\aboutdlg.sbr
c:\development\project source\pcsxr\pcsxr\win32\debug\cheatdlg.sbr
c:\development\project source\pcsxr\pcsxr\win32\debug\configureplugins.sbr
c:\development\project source\pcsxr\pcsxr\win32\debug\plugin.sbr
c:\development\project source\pcsxr\pcsxr\win32\debug\wndmain.sbr
c:\development\project source\pcsxr\pcsxr\win32\debug\adler32.sbr
c:\development\project source\pcsxr\pcsxr\win32\debug\compress.sbr
c:\development\project source\pcsxr\pcsxr\win32\debug\crc32.sbr
c:\development\project source\pcsxr\pcsxr\win32\debug\deflate.sbr
c:\development\project source\pcsxr\pcsxr\win32\debug\gzio.sbr
c:\development\project source\pcsxr\pcsxr\win32\debug\infblock.sbr
c:\development\project source\pcsxr\pcsxr\win32\debug\infcodes.sbr
c:\development\project source\pcsxr\pcsxr\win32\debug\inffast.sbr
c:\development\project source\pcsxr\pcsxr\win32\debug\inflate.sbr
c:\development\project source\pcsxr\pcsxr\win32\debug\inflate.obj
c:\development\project source\pcsxr\pcsxr\win32\debug\inffast.obj
c:\development\project source\pcsxr\pcsxr\win32\debug\infcodes.obj
c:\development\project source\pcsxr\pcsxr\win32\debug\infblock.obj
c:\development\project source\pcsxr\pcsxr\win32\debug\gzio.obj
c:\development\project source\pcsxr\pcsxr\win32\debug\deflate.obj
c:\development\project source\pcsxr\pcsxr\win32\debug\crc32.obj
c:\development\project source\pcsxr\pcsxr\win32\debug\compress.obj
c:\development\project source\pcsxr\pcsxr\win32\debug\adler32.obj
c:\development\project source\pcsxr\pcsxr\win32\debug\wndmain.obj
c:\development\project source\pcsxr\pcsxr\win32\debug\plugin.obj
c:\development\project source\pcsxr\pcsxr\win32\debug\configureplugins.obj
c:\development\project source\pcsxr\pcsxr\win32\debug\cheatdlg.obj
c:\development\project source\pcsxr\pcsxr\win32\debug\aboutdlg.obj
c:\development\project source\pcsxr\pcsxr\win32\debug\ix86.obj
c:\development\project source\pcsxr\pcsxr\win32\debug\ir3000a.obj
c:\development\project source\pcsxr\pcsxr\win32\debug\spu.obj
c:\development\project source\pcsxr\pcsxr\win32\debug\socket.obj
c:\development\project source\pcsxr\pcsxr\win32\debug\sio.obj
c:\development\project source\pcsxr\pcsxr\win32\debug\r3000a.obj
c:\development\project source\pcsxr\pcsxr\win32\debug\inftrees.sbr
c:\development\project source\pcsxr\pcsxr\win32\debug\infutil.sbr
c:\development\project source\pcsxr\pcsxr\win32\debug\trees.sbr
c:\development\project source\pcsxr\pcsxr\win32\debug\uncompr.sbr
c:\development\project source\pcsxr\pcsxr\win32\debug\zutil.sbr
c:\development\project source\pcsxr\pcsxr\win32\debug\bindtextdom.sbr
c:\development\project source\pcsxr\pcsxr\win32\debug\dcgettext.sbr
c:\development\project source\pcsxr\pcsxr\win32\debug\dgettext.sbr
c:\development\project source\pcsxr\pcsxr\win32\debug\explodename.sbr
c:\development\project source\pcsxr\pcsxr\win32\debug\finddomain.sbr
c:\development\project source\pcsxr\pcsxr\win32\debug\gettext.sbr
c:\development\project source\pcsxr\pcsxr\win32\debug\intl-compat.sbr
c:\development\project source\pcsxr\pcsxr\win32\debug\l10nflist.sbr
c:\development\project source\pcsxr\pcsxr\win32\debug\loadmsgcat.sbr
c:\development\project source\pcsxr\pcsxr\win32\debug\localealias.sbr
c:\development\project source\pcsxr\pcsxr\win32\debug\textdomain.sbr
c:\development\project source\pcsxr\pcsxr\win32\debug\textdomain.obj
c:\development\project source\pcsxr\pcsxr\win32\debug\localealias.obj
c:\development\project source\pcsxr\pcsxr\win32\debug\loadmsgcat.obj
c:\development\project source\pcsxr\pcsxr\win32\debug\l10nflist.obj
c:\development\project source\pcsxr\pcsxr\win32\debug\intl-compat.obj
c:\development\project source\pcsxr\pcsxr\win32\debug\gettext.obj
c:\development\project source\pcsxr\pcsxr\win32\debug\finddomain.obj
c:\development\project source\pcsxr\pcsxr\win32\debug\explodename.obj
c:\development\project source\pcsxr\pcsxr\win32\debug\dgettext.obj
c:\development\project source\pcsxr\pcsxr\win32\debug\dcgettext.obj
c:\development\project source\pcsxr\pcsxr\win32\debug\bindtextdom.obj
c:\development\project source\pcsxr\pcsxr\win32\debug\zutil.obj
c:\development\project source\pcsxr\pcsxr\win32\debug\uncompr.obj
c:\development\project source\pcsxr\pcsxr\win32\debug\trees.obj
c:\development\project source\pcsxr\pcsxr\win32\debug\infutil.obj
c:\development\project source\pcsxr\pcsxr\win32\debug\inftrees.obj
c:\development\project source\pcsxr\pcsxr\win32\debug\vc110.pdb
c:\development\project source\pcsxr\pcsxr\win32\debug\pcsxr.exe
c:\development\project source\pcsxr\pcsxr\win32\debug\pcsxr.exe.intermediate.manifest
c:\development\project source\pcsxr\pcsxr\win32\debug\pcsxr.pdb
c:\development\project source\pcsxr\pcsxr\win32\debug\pcsxr.exe.manifest
c:\development\project source\pcsxr\pcsxr\win32\debug\pcsxr.res
c:\development\project source\pcsxr\pcsxr\win32\debug\bscmake.command.1.tlog
c:\development\project source\pcsxr\pcsxr\win32\debug\bscmake.read.1.tlog
c:\development\project source\pcsxr\pcsxr\win32\debug\bscmake.write.1.tlog
c:\development\project source\pcsxr\pcsxr\win32\debug\cl.command.1.tlog
c:\development\project source\pcsxr\pcsxr\win32\debug\cl.read.1.tlog
c:\development\project source\pcsxr\pcsxr\win32\debug\cl.write.1.tlog
c:\development\project source\pcsxr\pcsxr\win32\debug\link-cvtres.read.1.tlog
c:\development\project source\pcsxr\pcsxr\win32\debug\link-cvtres.write.1.tlog
c:\development\project source\pcsxr\pcsxr\win32\debug\link.command.1.tlog
c:\development\project source\pcsxr\pcsxr\win32\debug\link.read.1.tlog
c:\development\project source\pcsxr\pcsxr\win32\debug\link.write.1.tlog
c:\development\project source\pcsxr\pcsxr\win32\debug\mt.command.1.tlog
c:\development\project source\pcsxr\pcsxr\win32\debug\mt.read.1.tlog
c:\development\project source\pcsxr\pcsxr\win32\debug\mt.write.1.tlog
c:\development\project source\pcsxr\pcsxr\win32\debug\rc.command.1.tlog
c:\development\project source\pcsxr\pcsxr\win32\debug\rc.read.1.tlog
c:\development\project source\pcsxr\pcsxr\win32\debug\rc.write.1.tlog
c:\development\project source\pcsxr\pcsxr\win32\.\debug\pcsxr.exe.manifest
c:\development\project source\pcsxr\pcsxr\win32\.\debug\pcsxr.exe
c:\development\project source\pcsxr\pcsxr\win32\.\debug\pcsxr.exe.intermediate.manifest
