c:\development\project source\pcsxr\pcsxr\win32\plugins\peopsxgl\debug\cfg.obj
c:\development\project source\pcsxr\pcsxr\win32\plugins\peopsxgl\debug\fps.obj
c:\development\project source\pcsxr\pcsxr\win32\plugins\peopsxgl\debug\key.obj
c:\development\project source\pcsxr\pcsxr\win32\plugins\peopsxgl\debug\ssave.obj
c:\development\project source\pcsxr\pcsxr\win32\plugins\peopsxgl\debug\winmain.obj
c:\development\project source\pcsxr\pcsxr\win32\plugins\peopsxgl\debug\draw.obj
c:\development\project source\pcsxr\pcsxr\win32\plugins\peopsxgl\debug\gpu.obj
c:\development\project source\pcsxr\pcsxr\win32\plugins\peopsxgl\debug\gte_accuracy.obj
c:\development\project source\pcsxr\pcsxr\win32\plugins\peopsxgl\debug\menu.obj
c:\development\project source\pcsxr\pcsxr\win32\plugins\peopsxgl\debug\prim.obj
c:\development\project source\pcsxr\pcsxr\win32\plugins\peopsxgl\debug\soft.obj
c:\development\project source\pcsxr\pcsxr\win32\plugins\peopsxgl\debug\texture.obj
c:\development\project source\pcsxr\pcsxr\win32\plugins\peopsxgl\debug\vc110.pdb
c:\development\project source\pcsxr\pcsxr\win32\plugins\peopsxgl\debug\gpupeopsopengl.lib
c:\development\project source\pcsxr\pcsxr\win32\plugins\peopsxgl\debug\gpupeopsopengl.exp
c:\development\project source\pcsxr\pcsxr\win32\debug\gpupeopsopengl.dll
c:\development\project source\pcsxr\pcsxr\win32\plugins\peopsxgl\debug\gpupeopsopengl.pdb
c:\development\project source\pcsxr\pcsxr\win32\plugins\peopsxgl\debug\gpupeopsopengl.res
c:\development\project source\pcsxr\pcsxr\win32\plugins\peopsxgl\debug\cl.command.1.tlog
c:\development\project source\pcsxr\pcsxr\win32\plugins\peopsxgl\debug\cl.read.1.tlog
c:\development\project source\pcsxr\pcsxr\win32\plugins\peopsxgl\debug\cl.write.1.tlog
c:\development\project source\pcsxr\pcsxr\win32\plugins\peopsxgl\debug\gpupeopsopengl.write.1.tlog
c:\development\project source\pcsxr\pcsxr\win32\plugins\peopsxgl\debug\link-cvtres.read.1.tlog
c:\development\project source\pcsxr\pcsxr\win32\plugins\peopsxgl\debug\link-cvtres.write.1.tlog
c:\development\project source\pcsxr\pcsxr\win32\plugins\peopsxgl\debug\link-rc.read.1.tlog
c:\development\project source\pcsxr\pcsxr\win32\plugins\peopsxgl\debug\link-rc.write.1.tlog
c:\development\project source\pcsxr\pcsxr\win32\plugins\peopsxgl\debug\link.command.1.tlog
c:\development\project source\pcsxr\pcsxr\win32\plugins\peopsxgl\debug\link.read.1.tlog
c:\development\project source\pcsxr\pcsxr\win32\plugins\peopsxgl\debug\link.write.1.tlog
c:\development\project source\pcsxr\pcsxr\win32\plugins\peopsxgl\debug\rc.command.1.tlog
c:\development\project source\pcsxr\pcsxr\win32\plugins\peopsxgl\debug\rc.read.1.tlog
c:\development\project source\pcsxr\pcsxr\win32\plugins\peopsxgl\debug\rc.write.1.tlog
c:\development\project source\pcsxr\pcsxr\win32\plugins\peopsxgl\debug\vc110.idb
