c:\development\project source\pcsxr\pcsxr\win32\plugins\padssspsx\debug\padssspsx.obj
c:\development\project source\pcsxr\pcsxr\win32\plugins\padssspsx\debug\vc110.pdb
c:\development\project source\pcsxr\pcsxr\win32\debug\padssspsx.dll
c:\development\project source\pcsxr\pcsxr\win32\plugins\padssspsx\debug\padssspsx.pdb
c:\development\project source\pcsxr\pcsxr\win32\plugins\padssspsx\debug\padssspsx.res
c:\development\project source\pcsxr\pcsxr\win32\plugins\padssspsx\debug\padssspsx.lib
c:\development\project source\pcsxr\pcsxr\win32\plugins\padssspsx\debug\padssspsx.exp
c:\development\project source\pcsxr\pcsxr\win32\plugins\padssspsx\debug\cl.command.1.tlog
c:\development\project source\pcsxr\pcsxr\win32\plugins\padssspsx\debug\cl.read.1.tlog
c:\development\project source\pcsxr\pcsxr\win32\plugins\padssspsx\debug\cl.write.1.tlog
c:\development\project source\pcsxr\pcsxr\win32\plugins\padssspsx\debug\link-cvtres.read.1.tlog
c:\development\project source\pcsxr\pcsxr\win32\plugins\padssspsx\debug\link-cvtres.write.1.tlog
c:\development\project source\pcsxr\pcsxr\win32\plugins\padssspsx\debug\link-rc.read.1.tlog
c:\development\project source\pcsxr\pcsxr\win32\plugins\padssspsx\debug\link-rc.write.1.tlog
c:\development\project source\pcsxr\pcsxr\win32\plugins\padssspsx\debug\link.command.1.tlog
c:\development\project source\pcsxr\pcsxr\win32\plugins\padssspsx\debug\link.read.1.tlog
c:\development\project source\pcsxr\pcsxr\win32\plugins\padssspsx\debug\link.write.1.tlog
c:\development\project source\pcsxr\pcsxr\win32\plugins\padssspsx\debug\rc.command.1.tlog
c:\development\project source\pcsxr\pcsxr\win32\plugins\padssspsx\debug\rc.read.1.tlog
c:\development\project source\pcsxr\pcsxr\win32\plugins\padssspsx\debug\rc.write.1.tlog
c:\development\project source\pcsxr\pcsxr\win32\plugins\padssspsx\debug\ssspsxpad.write.1.tlog
c:\development\project source\pcsxr\pcsxr\win32\plugins\padssspsx\debug\vc110.idb
