c:\development\project source\pcsxr\pcsxr\win32\plugins\bladesio1\debug\bladesio1.lib
c:\development\project source\pcsxr\pcsxr\win32\plugins\bladesio1\debug\bladesio1.exp
c:\development\project source\pcsxr\pcsxr\win32\plugins\bladesio1\debug\connection.obj
c:\development\project source\pcsxr\pcsxr\win32\plugins\bladesio1\debug\fifo.obj
c:\development\project source\pcsxr\pcsxr\win32\plugins\bladesio1\debug\sio1.obj
c:\development\project source\pcsxr\pcsxr\win32\plugins\bladesio1\debug\cfg-winapi.obj
c:\development\project source\pcsxr\pcsxr\win32\plugins\bladesio1\debug\winmain.obj
c:\development\project source\pcsxr\pcsxr\win32\plugins\bladesio1\debug\vc110.pdb
c:\development\project source\pcsxr\pcsxr\win32\debug\bladesio1.dll
c:\development\project source\pcsxr\pcsxr\win32\plugins\bladesio1\debug\bladesio1.pdb
c:\development\project source\pcsxr\pcsxr\win32\plugins\bladesio1\debug\bladesio1.res
c:\development\project source\pcsxr\pcsxr\win32\plugins\bladesio1\debug\bladesio1.write.1.tlog
c:\development\project source\pcsxr\pcsxr\win32\plugins\bladesio1\debug\cl.command.1.tlog
c:\development\project source\pcsxr\pcsxr\win32\plugins\bladesio1\debug\cl.read.1.tlog
c:\development\project source\pcsxr\pcsxr\win32\plugins\bladesio1\debug\cl.write.1.tlog
c:\development\project source\pcsxr\pcsxr\win32\plugins\bladesio1\debug\link-cvtres.read.1.tlog
c:\development\project source\pcsxr\pcsxr\win32\plugins\bladesio1\debug\link-cvtres.write.1.tlog
c:\development\project source\pcsxr\pcsxr\win32\plugins\bladesio1\debug\link-rc.read.1.tlog
c:\development\project source\pcsxr\pcsxr\win32\plugins\bladesio1\debug\link-rc.write.1.tlog
c:\development\project source\pcsxr\pcsxr\win32\plugins\bladesio1\debug\link.command.1.tlog
c:\development\project source\pcsxr\pcsxr\win32\plugins\bladesio1\debug\link.read.1.tlog
c:\development\project source\pcsxr\pcsxr\win32\plugins\bladesio1\debug\link.write.1.tlog
c:\development\project source\pcsxr\pcsxr\win32\plugins\bladesio1\debug\rc.command.1.tlog
c:\development\project source\pcsxr\pcsxr\win32\plugins\bladesio1\debug\rc.read.1.tlog
c:\development\project source\pcsxr\pcsxr\win32\plugins\bladesio1\debug\rc.write.1.tlog
c:\development\project source\pcsxr\pcsxr\win32\plugins\bladesio1\debug\vc110.idb
