c:\development\project source\pcsxr\pcsxr\win32\plugins\dfxvideo\debug\cfg.obj
c:\development\project source\pcsxr\pcsxr\win32\plugins\dfxvideo\debug\draw.obj
c:\development\project source\pcsxr\pcsxr\win32\plugins\dfxvideo\debug\fps.obj
c:\development\project source\pcsxr\pcsxr\win32\plugins\dfxvideo\debug\key.obj
c:\development\project source\pcsxr\pcsxr\win32\plugins\dfxvideo\debug\record.obj
c:\development\project source\pcsxr\pcsxr\win32\plugins\dfxvideo\debug\winmain.obj
c:\development\project source\pcsxr\pcsxr\win32\plugins\dfxvideo\debug\dxguid.obj
c:\development\project source\pcsxr\pcsxr\win32\plugins\dfxvideo\debug\gpu.obj
c:\development\project source\pcsxr\pcsxr\win32\plugins\dfxvideo\debug\menu.obj
c:\development\project source\pcsxr\pcsxr\win32\plugins\dfxvideo\debug\prim.obj
c:\development\project source\pcsxr\pcsxr\win32\plugins\dfxvideo\debug\soft.obj
c:\development\project source\pcsxr\pcsxr\win32\plugins\dfxvideo\debug\zn.obj
c:\development\project source\pcsxr\pcsxr\win32\plugins\dfxvideo\debug\vc110.pdb
c:\development\project source\pcsxr\pcsxr\win32\plugins\dfxvideo\debug\dfxvideo.lib
c:\development\project source\pcsxr\pcsxr\win32\plugins\dfxvideo\debug\dfxvideo.exp
c:\development\project source\pcsxr\pcsxr\win32\debug\dfxvideo.dll
c:\development\project source\pcsxr\pcsxr\win32\plugins\dfxvideo\debug\dfxvideo.pdb
c:\development\project source\pcsxr\pcsxr\win32\plugins\dfxvideo\debug\dfxvideo.res
c:\development\project source\pcsxr\pcsxr\win32\plugins\dfxvideo\debug\cl.command.1.tlog
c:\development\project source\pcsxr\pcsxr\win32\plugins\dfxvideo\debug\cl.read.1.tlog
c:\development\project source\pcsxr\pcsxr\win32\plugins\dfxvideo\debug\cl.write.1.tlog
c:\development\project source\pcsxr\pcsxr\win32\plugins\dfxvideo\debug\dfxvideo.write.1.tlog
c:\development\project source\pcsxr\pcsxr\win32\plugins\dfxvideo\debug\link-cvtres.read.1.tlog
c:\development\project source\pcsxr\pcsxr\win32\plugins\dfxvideo\debug\link-cvtres.write.1.tlog
c:\development\project source\pcsxr\pcsxr\win32\plugins\dfxvideo\debug\link-rc.read.1.tlog
c:\development\project source\pcsxr\pcsxr\win32\plugins\dfxvideo\debug\link-rc.write.1.tlog
c:\development\project source\pcsxr\pcsxr\win32\plugins\dfxvideo\debug\link.command.1.tlog
c:\development\project source\pcsxr\pcsxr\win32\plugins\dfxvideo\debug\link.read.1.tlog
c:\development\project source\pcsxr\pcsxr\win32\plugins\dfxvideo\debug\link.write.1.tlog
c:\development\project source\pcsxr\pcsxr\win32\plugins\dfxvideo\debug\rc.command.1.tlog
c:\development\project source\pcsxr\pcsxr\win32\plugins\dfxvideo\debug\rc.read.1.tlog
c:\development\project source\pcsxr\pcsxr\win32\plugins\dfxvideo\debug\rc.write.1.tlog
c:\development\project source\pcsxr\pcsxr\win32\plugins\dfxvideo\debug\vc110.idb
